Determining if the pthread_create exist failed with the following output:
Change Dir: /home/osum4est/gdrive/snaike/cmake-build-debug/CMakeFiles/CMakeTmp

Run Build Command:"/usr/bin/make" "cmTC_45e0f/fast"
/usr/bin/make -f CMakeFiles/cmTC_45e0f.dir/build.make CMakeFiles/cmTC_45e0f.dir/build
make[1]: Entering directory '/home/osum4est/gdrive/snaike/cmake-build-debug/CMakeFiles/CMakeTmp'
Building C object CMakeFiles/cmTC_45e0f.dir/CheckSymbolExists.c.o
/usr/lib/hardening-wrapper/bin/cc     -o CMakeFiles/cmTC_45e0f.dir/CheckSymbolExists.c.o   -c /home/osum4est/gdrive/snaike/cmake-build-debug/CMakeFiles/CMakeTmp/CheckSymbolExists.c
Linking C executable cmTC_45e0f
/home/osum4est/.local/share/JetBrains/Toolbox/apps/CLion/ch-0/163.10154.43/bin/cmake/bin/cmake -E cmake_link_script CMakeFiles/cmTC_45e0f.dir/link.txt --verbose=1
/usr/lib/hardening-wrapper/bin/cc       CMakeFiles/cmTC_45e0f.dir/CheckSymbolExists.c.o  -o cmTC_45e0f -rdynamic 
CMakeFiles/cmTC_45e0f.dir/CheckSymbolExists.c.o: In function `main':
CheckSymbolExists.c:(.text+0x1b): undefined reference to `pthread_create'
collect2: error: ld returned 1 exit status
make[1]: *** [CMakeFiles/cmTC_45e0f.dir/build.make:98: cmTC_45e0f] Error 1
make[1]: Leaving directory '/home/osum4est/gdrive/snaike/cmake-build-debug/CMakeFiles/CMakeTmp'
make: *** [Makefile:126: cmTC_45e0f/fast] Error 2

File /home/osum4est/gdrive/snaike/cmake-build-debug/CMakeFiles/CMakeTmp/CheckSymbolExists.c:
/* */
#include <pthread.h>

int main(int argc, char** argv)
{
  (void)argv;
#ifndef pthread_create
  return ((int*)(&pthread_create))[argc];
#else
  (void)argc;
  return 0;
#endif
}

Determining if the function pthread_create exists in the pthreads failed with the following output:
Change Dir: /home/osum4est/gdrive/snaike/cmake-build-debug/CMakeFiles/CMakeTmp

Run Build Command:"/usr/bin/make" "cmTC_fa55a/fast"
/usr/bin/make -f CMakeFiles/cmTC_fa55a.dir/build.make CMakeFiles/cmTC_fa55a.dir/build
make[1]: Entering directory '/home/osum4est/gdrive/snaike/cmake-build-debug/CMakeFiles/CMakeTmp'
Building C object CMakeFiles/cmTC_fa55a.dir/CheckFunctionExists.c.o
/usr/lib/hardening-wrapper/bin/cc    -DCHECK_FUNCTION_EXISTS=pthread_create   -o CMakeFiles/cmTC_fa55a.dir/CheckFunctionExists.c.o   -c /home/osum4est/.local/share/JetBrains/Toolbox/apps/CLion/ch-0/163.10154.43/bin/cmake/share/cmake-3.6/Modules/CheckFunctionExists.c
Linking C executable cmTC_fa55a
/home/osum4est/.local/share/JetBrains/Toolbox/apps/CLion/ch-0/163.10154.43/bin/cmake/bin/cmake -E cmake_link_script CMakeFiles/cmTC_fa55a.dir/link.txt --verbose=1
/usr/lib/hardening-wrapper/bin/cc   -DCHECK_FUNCTION_EXISTS=pthread_create    CMakeFiles/cmTC_fa55a.dir/CheckFunctionExists.c.o  -o cmTC_fa55a -rdynamic -lpthreads 
/usr/bin/ld: cannot find -lpthreads
collect2: error: ld returned 1 exit status
make[1]: *** [CMakeFiles/cmTC_fa55a.dir/build.make:98: cmTC_fa55a] Error 1
make[1]: Leaving directory '/home/osum4est/gdrive/snaike/cmake-build-debug/CMakeFiles/CMakeTmp'
make: *** [Makefile:126: cmTC_fa55a/fast] Error 2


