The system is: Linux - 4.8.13-1-ARCH - x86_64
Compiling the C compiler identification source file "CMakeCCompilerId.c" succeeded.
Compiler: /usr/lib/hardening-wrapper/bin/cc 
Build flags: 
Id flags: 

The output was:
0


Compilation of the C compiler identification source "CMakeCCompilerId.c" produced "a.out"

The C compiler identification is GNU, found in "/home/osum4est/gdrive/snaike/CMakeFiles/3.6.3/CompilerIdC/a.out"

Compiling the CXX compiler identification source file "CMakeCXXCompilerId.cpp" succeeded.
Compiler: /usr/lib/hardening-wrapper/bin/c++ 
Build flags: 
Id flags: 

The output was:
0


Compilation of the CXX compiler identification source "CMakeCXXCompilerId.cpp" produced "a.out"

The CXX compiler identification is GNU, found in "/home/osum4est/gdrive/snaike/CMakeFiles/3.6.3/CompilerIdCXX/a.out"

Determining if the C compiler works passed with the following output:
Change Dir: /home/osum4est/gdrive/snaike/CMakeFiles/CMakeTmp

Run Build Command:"/usr/bin/make" "cmTC_726db/fast"
/usr/bin/make -f CMakeFiles/cmTC_726db.dir/build.make CMakeFiles/cmTC_726db.dir/build
make[1]: Entering directory '/home/osum4est/gdrive/snaike/CMakeFiles/CMakeTmp'
Building C object CMakeFiles/cmTC_726db.dir/testCCompiler.c.o
/usr/lib/hardening-wrapper/bin/cc     -o CMakeFiles/cmTC_726db.dir/testCCompiler.c.o   -c /home/osum4est/gdrive/snaike/CMakeFiles/CMakeTmp/testCCompiler.c
Linking C executable cmTC_726db
/home/osum4est/.local/share/JetBrains/Toolbox/apps/CLion/ch-0/163.10154.43/bin/cmake/bin/cmake -E cmake_link_script CMakeFiles/cmTC_726db.dir/link.txt --verbose=1
/usr/lib/hardening-wrapper/bin/cc       CMakeFiles/cmTC_726db.dir/testCCompiler.c.o  -o cmTC_726db 
make[1]: Leaving directory '/home/osum4est/gdrive/snaike/CMakeFiles/CMakeTmp'


Detecting C compiler ABI info compiled with the following output:
Change Dir: /home/osum4est/gdrive/snaike/CMakeFiles/CMakeTmp

Run Build Command:"/usr/bin/make" "cmTC_39430/fast"
/usr/bin/make -f CMakeFiles/cmTC_39430.dir/build.make CMakeFiles/cmTC_39430.dir/build
make[1]: Entering directory '/home/osum4est/gdrive/snaike/CMakeFiles/CMakeTmp'
Building C object CMakeFiles/cmTC_39430.dir/CMakeCCompilerABI.c.o
/usr/lib/hardening-wrapper/bin/cc     -o CMakeFiles/cmTC_39430.dir/CMakeCCompilerABI.c.o   -c /home/osum4est/.local/share/JetBrains/Toolbox/apps/CLion/ch-0/163.10154.43/bin/cmake/share/cmake-3.6/Modules/CMakeCCompilerABI.c
Linking C executable cmTC_39430
/home/osum4est/.local/share/JetBrains/Toolbox/apps/CLion/ch-0/163.10154.43/bin/cmake/bin/cmake -E cmake_link_script CMakeFiles/cmTC_39430.dir/link.txt --verbose=1
/usr/lib/hardening-wrapper/bin/cc      -v CMakeFiles/cmTC_39430.dir/CMakeCCompilerABI.c.o  -o cmTC_39430  
Using built-in specs.
COLLECT_GCC=/usr/bin/cc
COLLECT_LTO_WRAPPER=/usr/lib/gcc/x86_64-pc-linux-gnu/6.3.1/lto-wrapper
Target: x86_64-pc-linux-gnu
Configured with: /build/gcc-multilib/src/gcc/configure --prefix=/usr --libdir=/usr/lib --libexecdir=/usr/lib --mandir=/usr/share/man --infodir=/usr/share/info --with-bugurl=https://bugs.archlinux.org/ --enable-languages=c,c++,ada,fortran,go,lto,objc,obj-c++ --enable-shared --enable-threads=posix --enable-libmpx --with-system-zlib --with-isl --enable-__cxa_atexit --disable-libunwind-exceptions --enable-clocale=gnu --disable-libstdcxx-pch --disable-libssp --enable-gnu-unique-object --enable-linker-build-id --enable-lto --enable-plugin --enable-install-libiberty --with-linker-hash-style=gnu --enable-gnu-indirect-function --enable-multilib --disable-werror --enable-checking=release
Thread model: posix
gcc version 6.3.1 20170109 (GCC) 
COMPILER_PATH=/usr/lib/hardening-wrapper/bin/:/usr/lib/gcc/x86_64-pc-linux-gnu/6.3.1/:/usr/lib/gcc/x86_64-pc-linux-gnu/6.3.1/:/usr/lib/gcc/x86_64-pc-linux-gnu/:/usr/lib/gcc/x86_64-pc-linux-gnu/6.3.1/:/usr/lib/gcc/x86_64-pc-linux-gnu/
LIBRARY_PATH=/usr/lib/hardening-wrapper/bin/:/usr/lib/gcc/x86_64-pc-linux-gnu/6.3.1/:/usr/lib/gcc/x86_64-pc-linux-gnu/6.3.1/../../../../lib/:/lib/../lib/:/usr/lib/../lib/:/usr/lib/gcc/x86_64-pc-linux-gnu/6.3.1/../../../:/lib/:/usr/lib/
COLLECT_GCC_OPTIONS='-B' '/usr/lib/hardening-wrapper/bin' '-fPIE' '-pie' '-fstack-check=specific' '-fstack-protector-strong' '-v' '-o' 'cmTC_39430' '-mtune=generic' '-march=x86-64'
 /usr/lib/gcc/x86_64-pc-linux-gnu/6.3.1/collect2 -plugin /usr/lib/gcc/x86_64-pc-linux-gnu/6.3.1/liblto_plugin.so -plugin-opt=/usr/lib/gcc/x86_64-pc-linux-gnu/6.3.1/lto-wrapper -plugin-opt=-fresolution=/tmp/ccN4MeyO.res -plugin-opt=-pass-through=-lgcc -plugin-opt=-pass-through=-lgcc_s -plugin-opt=-pass-through=-lc -plugin-opt=-pass-through=-lgcc -plugin-opt=-pass-through=-lgcc_s --build-id --eh-frame-hdr --hash-style=gnu -m elf_x86_64 -dynamic-linker /lib64/ld-linux-x86-64.so.2 -pie -o cmTC_39430 /usr/lib/gcc/x86_64-pc-linux-gnu/6.3.1/../../../../lib/Scrt1.o /usr/lib/gcc/x86_64-pc-linux-gnu/6.3.1/../../../../lib/crti.o /usr/lib/gcc/x86_64-pc-linux-gnu/6.3.1/crtbeginS.o -L/usr/lib/hardening-wrapper/bin -L/usr/lib/gcc/x86_64-pc-linux-gnu/6.3.1 -L/usr/lib/gcc/x86_64-pc-linux-gnu/6.3.1/../../../../lib -L/lib/../lib -L/usr/lib/../lib -L/usr/lib/gcc/x86_64-pc-linux-gnu/6.3.1/../../.. CMakeFiles/cmTC_39430.dir/CMakeCCompilerABI.c.o -lgcc --as-needed -lgcc_s --no-as-needed -lc -lgcc --as-needed -lgcc_s --no-as-needed /usr/lib/gcc/x86_64-pc-linux-gnu/6.3.1/crtendS.o /usr/lib/gcc/x86_64-pc-linux-gnu/6.3.1/../../../../lib/crtn.o
COLLECT_GCC_OPTIONS='-B' '/usr/lib/hardening-wrapper/bin' '-fPIE' '-pie' '-fstack-check=specific' '-fstack-protector-strong' '-v' '-o' 'cmTC_39430' '-mtune=generic' '-march=x86-64'
make[1]: Leaving directory '/home/osum4est/gdrive/snaike/CMakeFiles/CMakeTmp'


Parsed C implicit link information from above output:
  link line regex: [^( *|.*[/\])(ld|([^/\]+-)?ld|collect2)[^/\]*( |$)]
  ignore line: [Change Dir: /home/osum4est/gdrive/snaike/CMakeFiles/CMakeTmp]
  ignore line: []
  ignore line: [Run Build Command:"/usr/bin/make" "cmTC_39430/fast"]
  ignore line: [/usr/bin/make -f CMakeFiles/cmTC_39430.dir/build.make CMakeFiles/cmTC_39430.dir/build]
  ignore line: [make[1]: Entering directory '/home/osum4est/gdrive/snaike/CMakeFiles/CMakeTmp']
  ignore line: [Building C object CMakeFiles/cmTC_39430.dir/CMakeCCompilerABI.c.o]
  ignore line: [/usr/lib/hardening-wrapper/bin/cc     -o CMakeFiles/cmTC_39430.dir/CMakeCCompilerABI.c.o   -c /home/osum4est/.local/share/JetBrains/Toolbox/apps/CLion/ch-0/163.10154.43/bin/cmake/share/cmake-3.6/Modules/CMakeCCompilerABI.c]
  ignore line: [Linking C executable cmTC_39430]
  ignore line: [/home/osum4est/.local/share/JetBrains/Toolbox/apps/CLion/ch-0/163.10154.43/bin/cmake/bin/cmake -E cmake_link_script CMakeFiles/cmTC_39430.dir/link.txt --verbose=1]
  ignore line: [/usr/lib/hardening-wrapper/bin/cc      -v CMakeFiles/cmTC_39430.dir/CMakeCCompilerABI.c.o  -o cmTC_39430  ]
  ignore line: [Using built-in specs.]
  ignore line: [COLLECT_GCC=/usr/bin/cc]
  ignore line: [COLLECT_LTO_WRAPPER=/usr/lib/gcc/x86_64-pc-linux-gnu/6.3.1/lto-wrapper]
  ignore line: [Target: x86_64-pc-linux-gnu]
  ignore line: [Configured with: /build/gcc-multilib/src/gcc/configure --prefix=/usr --libdir=/usr/lib --libexecdir=/usr/lib --mandir=/usr/share/man --infodir=/usr/share/info --with-bugurl=https://bugs.archlinux.org/ --enable-languages=c,c++,ada,fortran,go,lto,objc,obj-c++ --enable-shared --enable-threads=posix --enable-libmpx --with-system-zlib --with-isl --enable-__cxa_atexit --disable-libunwind-exceptions --enable-clocale=gnu --disable-libstdcxx-pch --disable-libssp --enable-gnu-unique-object --enable-linker-build-id --enable-lto --enable-plugin --enable-install-libiberty --with-linker-hash-style=gnu --enable-gnu-indirect-function --enable-multilib --disable-werror --enable-checking=release]
  ignore line: [Thread model: posix]
  ignore line: [gcc version 6.3.1 20170109 (GCC) ]
  ignore line: [COMPILER_PATH=/usr/lib/hardening-wrapper/bin/:/usr/lib/gcc/x86_64-pc-linux-gnu/6.3.1/:/usr/lib/gcc/x86_64-pc-linux-gnu/6.3.1/:/usr/lib/gcc/x86_64-pc-linux-gnu/:/usr/lib/gcc/x86_64-pc-linux-gnu/6.3.1/:/usr/lib/gcc/x86_64-pc-linux-gnu/]
  ignore line: [LIBRARY_PATH=/usr/lib/hardening-wrapper/bin/:/usr/lib/gcc/x86_64-pc-linux-gnu/6.3.1/:/usr/lib/gcc/x86_64-pc-linux-gnu/6.3.1/../../../../lib/:/lib/../lib/:/usr/lib/../lib/:/usr/lib/gcc/x86_64-pc-linux-gnu/6.3.1/../../../:/lib/:/usr/lib/]
  ignore line: [COLLECT_GCC_OPTIONS='-B' '/usr/lib/hardening-wrapper/bin' '-fPIE' '-pie' '-fstack-check=specific' '-fstack-protector-strong' '-v' '-o' 'cmTC_39430' '-mtune=generic' '-march=x86-64']
  link line: [ /usr/lib/gcc/x86_64-pc-linux-gnu/6.3.1/collect2 -plugin /usr/lib/gcc/x86_64-pc-linux-gnu/6.3.1/liblto_plugin.so -plugin-opt=/usr/lib/gcc/x86_64-pc-linux-gnu/6.3.1/lto-wrapper -plugin-opt=-fresolution=/tmp/ccN4MeyO.res -plugin-opt=-pass-through=-lgcc -plugin-opt=-pass-through=-lgcc_s -plugin-opt=-pass-through=-lc -plugin-opt=-pass-through=-lgcc -plugin-opt=-pass-through=-lgcc_s --build-id --eh-frame-hdr --hash-style=gnu -m elf_x86_64 -dynamic-linker /lib64/ld-linux-x86-64.so.2 -pie -o cmTC_39430 /usr/lib/gcc/x86_64-pc-linux-gnu/6.3.1/../../../../lib/Scrt1.o /usr/lib/gcc/x86_64-pc-linux-gnu/6.3.1/../../../../lib/crti.o /usr/lib/gcc/x86_64-pc-linux-gnu/6.3.1/crtbeginS.o -L/usr/lib/hardening-wrapper/bin -L/usr/lib/gcc/x86_64-pc-linux-gnu/6.3.1 -L/usr/lib/gcc/x86_64-pc-linux-gnu/6.3.1/../../../../lib -L/lib/../lib -L/usr/lib/../lib -L/usr/lib/gcc/x86_64-pc-linux-gnu/6.3.1/../../.. CMakeFiles/cmTC_39430.dir/CMakeCCompilerABI.c.o -lgcc --as-needed -lgcc_s --no-as-needed -lc -lgcc --as-needed -lgcc_s --no-as-needed /usr/lib/gcc/x86_64-pc-linux-gnu/6.3.1/crtendS.o /usr/lib/gcc/x86_64-pc-linux-gnu/6.3.1/../../../../lib/crtn.o]
    arg [/usr/lib/gcc/x86_64-pc-linux-gnu/6.3.1/collect2] ==> ignore
    arg [-plugin] ==> ignore
    arg [/usr/lib/gcc/x86_64-pc-linux-gnu/6.3.1/liblto_plugin.so] ==> ignore
    arg [-plugin-opt=/usr/lib/gcc/x86_64-pc-linux-gnu/6.3.1/lto-wrapper] ==> ignore
    arg [-plugin-opt=-fresolution=/tmp/ccN4MeyO.res] ==> ignore
    arg [-plugin-opt=-pass-through=-lgcc] ==> ignore
    arg [-plugin-opt=-pass-through=-lgcc_s] ==> ignore
    arg [-plugin-opt=-pass-through=-lc] ==> ignore
    arg [-plugin-opt=-pass-through=-lgcc] ==> ignore
    arg [-plugin-opt=-pass-through=-lgcc_s] ==> ignore
    arg [--build-id] ==> ignore
    arg [--eh-frame-hdr] ==> ignore
    arg [--hash-style=gnu] ==> ignore
    arg [-m] ==> ignore
    arg [elf_x86_64] ==> ignore
    arg [-dynamic-linker] ==> ignore
    arg [/lib64/ld-linux-x86-64.so.2] ==> ignore
    arg [-pie] ==> ignore
    arg [-o] ==> ignore
    arg [cmTC_39430] ==> ignore
    arg [/usr/lib/gcc/x86_64-pc-linux-gnu/6.3.1/../../../../lib/Scrt1.o] ==> ignore
    arg [/usr/lib/gcc/x86_64-pc-linux-gnu/6.3.1/../../../../lib/crti.o] ==> ignore
    arg [/usr/lib/gcc/x86_64-pc-linux-gnu/6.3.1/crtbeginS.o] ==> ignore
    arg [-L/usr/lib/hardening-wrapper/bin] ==> dir [/usr/lib/hardening-wrapper/bin]
    arg [-L/usr/lib/gcc/x86_64-pc-linux-gnu/6.3.1] ==> dir [/usr/lib/gcc/x86_64-pc-linux-gnu/6.3.1]
    arg [-L/usr/lib/gcc/x86_64-pc-linux-gnu/6.3.1/../../../../lib] ==> dir [/usr/lib/gcc/x86_64-pc-linux-gnu/6.3.1/../../../../lib]
    arg [-L/lib/../lib] ==> dir [/lib/../lib]
    arg [-L/usr/lib/../lib] ==> dir [/usr/lib/../lib]
    arg [-L/usr/lib/gcc/x86_64-pc-linux-gnu/6.3.1/../../..] ==> dir [/usr/lib/gcc/x86_64-pc-linux-gnu/6.3.1/../../..]
    arg [CMakeFiles/cmTC_39430.dir/CMakeCCompilerABI.c.o] ==> ignore
    arg [-lgcc] ==> lib [gcc]
    arg [--as-needed] ==> ignore
    arg [-lgcc_s] ==> lib [gcc_s]
    arg [--no-as-needed] ==> ignore
    arg [-lc] ==> lib [c]
    arg [-lgcc] ==> lib [gcc]
    arg [--as-needed] ==> ignore
    arg [-lgcc_s] ==> lib [gcc_s]
    arg [--no-as-needed] ==> ignore
    arg [/usr/lib/gcc/x86_64-pc-linux-gnu/6.3.1/crtendS.o] ==> ignore
    arg [/usr/lib/gcc/x86_64-pc-linux-gnu/6.3.1/../../../../lib/crtn.o] ==> ignore
  remove lib [gcc]
  remove lib [gcc_s]
  remove lib [gcc]
  remove lib [gcc_s]
  collapse library dir [/usr/lib/hardening-wrapper/bin] ==> [/usr/lib/hardening-wrapper/bin]
  collapse library dir [/usr/lib/gcc/x86_64-pc-linux-gnu/6.3.1] ==> [/usr/lib/gcc/x86_64-pc-linux-gnu/6.3.1]
  collapse library dir [/usr/lib/gcc/x86_64-pc-linux-gnu/6.3.1/../../../../lib] ==> [/usr/lib]
  collapse library dir [/lib/../lib] ==> [/lib]
  collapse library dir [/usr/lib/../lib] ==> [/usr/lib]
  collapse library dir [/usr/lib/gcc/x86_64-pc-linux-gnu/6.3.1/../../..] ==> [/usr/lib]
  implicit libs: [c]
  implicit dirs: [/usr/lib/hardening-wrapper/bin;/usr/lib/gcc/x86_64-pc-linux-gnu/6.3.1;/usr/lib;/lib]
  implicit fwks: []




Detecting C [-std=c11] compiler features compiled with the following output:
Change Dir: /home/osum4est/gdrive/snaike/CMakeFiles/CMakeTmp

Run Build Command:"/usr/bin/make" "cmTC_c19b0/fast"
/usr/bin/make -f CMakeFiles/cmTC_c19b0.dir/build.make CMakeFiles/cmTC_c19b0.dir/build
make[1]: Entering directory '/home/osum4est/gdrive/snaike/CMakeFiles/CMakeTmp'
Building C object CMakeFiles/cmTC_c19b0.dir/feature_tests.c.o
/usr/lib/hardening-wrapper/bin/cc    -std=c11 -o CMakeFiles/cmTC_c19b0.dir/feature_tests.c.o   -c /home/osum4est/gdrive/snaike/CMakeFiles/feature_tests.c
Linking C executable cmTC_c19b0
/home/osum4est/.local/share/JetBrains/Toolbox/apps/CLion/ch-0/163.10154.43/bin/cmake/bin/cmake -E cmake_link_script CMakeFiles/cmTC_c19b0.dir/link.txt --verbose=1
/usr/lib/hardening-wrapper/bin/cc       CMakeFiles/cmTC_c19b0.dir/feature_tests.c.o  -o cmTC_c19b0 
make[1]: Leaving directory '/home/osum4est/gdrive/snaike/CMakeFiles/CMakeTmp'


    Feature record: C_FEATURE:1c_function_prototypes
    Feature record: C_FEATURE:1c_restrict
    Feature record: C_FEATURE:1c_static_assert
    Feature record: C_FEATURE:1c_variadic_macros


Detecting C [-std=c99] compiler features compiled with the following output:
Change Dir: /home/osum4est/gdrive/snaike/CMakeFiles/CMakeTmp

Run Build Command:"/usr/bin/make" "cmTC_e515f/fast"
/usr/bin/make -f CMakeFiles/cmTC_e515f.dir/build.make CMakeFiles/cmTC_e515f.dir/build
make[1]: Entering directory '/home/osum4est/gdrive/snaike/CMakeFiles/CMakeTmp'
Building C object CMakeFiles/cmTC_e515f.dir/feature_tests.c.o
/usr/lib/hardening-wrapper/bin/cc    -std=c99 -o CMakeFiles/cmTC_e515f.dir/feature_tests.c.o   -c /home/osum4est/gdrive/snaike/CMakeFiles/feature_tests.c
Linking C executable cmTC_e515f
/home/osum4est/.local/share/JetBrains/Toolbox/apps/CLion/ch-0/163.10154.43/bin/cmake/bin/cmake -E cmake_link_script CMakeFiles/cmTC_e515f.dir/link.txt --verbose=1
/usr/lib/hardening-wrapper/bin/cc       CMakeFiles/cmTC_e515f.dir/feature_tests.c.o  -o cmTC_e515f 
make[1]: Leaving directory '/home/osum4est/gdrive/snaike/CMakeFiles/CMakeTmp'


    Feature record: C_FEATURE:1c_function_prototypes
    Feature record: C_FEATURE:1c_restrict
    Feature record: C_FEATURE:0c_static_assert
    Feature record: C_FEATURE:1c_variadic_macros


Detecting C [-std=c90] compiler features compiled with the following output:
Change Dir: /home/osum4est/gdrive/snaike/CMakeFiles/CMakeTmp

Run Build Command:"/usr/bin/make" "cmTC_1d064/fast"
/usr/bin/make -f CMakeFiles/cmTC_1d064.dir/build.make CMakeFiles/cmTC_1d064.dir/build
make[1]: Entering directory '/home/osum4est/gdrive/snaike/CMakeFiles/CMakeTmp'
Building C object CMakeFiles/cmTC_1d064.dir/feature_tests.c.o
/usr/lib/hardening-wrapper/bin/cc    -std=c90 -o CMakeFiles/cmTC_1d064.dir/feature_tests.c.o   -c /home/osum4est/gdrive/snaike/CMakeFiles/feature_tests.c
Linking C executable cmTC_1d064
/home/osum4est/.local/share/JetBrains/Toolbox/apps/CLion/ch-0/163.10154.43/bin/cmake/bin/cmake -E cmake_link_script CMakeFiles/cmTC_1d064.dir/link.txt --verbose=1
/usr/lib/hardening-wrapper/bin/cc       CMakeFiles/cmTC_1d064.dir/feature_tests.c.o  -o cmTC_1d064 
make[1]: Leaving directory '/home/osum4est/gdrive/snaike/CMakeFiles/CMakeTmp'


    Feature record: C_FEATURE:1c_function_prototypes
    Feature record: C_FEATURE:0c_restrict
    Feature record: C_FEATURE:0c_static_assert
    Feature record: C_FEATURE:0c_variadic_macros
Determining if the CXX compiler works passed with the following output:
Change Dir: /home/osum4est/gdrive/snaike/CMakeFiles/CMakeTmp

Run Build Command:"/usr/bin/make" "cmTC_46403/fast"
/usr/bin/make -f CMakeFiles/cmTC_46403.dir/build.make CMakeFiles/cmTC_46403.dir/build
make[1]: Entering directory '/home/osum4est/gdrive/snaike/CMakeFiles/CMakeTmp'
Building CXX object CMakeFiles/cmTC_46403.dir/testCXXCompiler.cxx.o
/usr/lib/hardening-wrapper/bin/c++      -o CMakeFiles/cmTC_46403.dir/testCXXCompiler.cxx.o -c /home/osum4est/gdrive/snaike/CMakeFiles/CMakeTmp/testCXXCompiler.cxx
Linking CXX executable cmTC_46403
/home/osum4est/.local/share/JetBrains/Toolbox/apps/CLion/ch-0/163.10154.43/bin/cmake/bin/cmake -E cmake_link_script CMakeFiles/cmTC_46403.dir/link.txt --verbose=1
/usr/lib/hardening-wrapper/bin/c++        CMakeFiles/cmTC_46403.dir/testCXXCompiler.cxx.o  -o cmTC_46403 
make[1]: Leaving directory '/home/osum4est/gdrive/snaike/CMakeFiles/CMakeTmp'


Detecting CXX compiler ABI info compiled with the following output:
Change Dir: /home/osum4est/gdrive/snaike/CMakeFiles/CMakeTmp

Run Build Command:"/usr/bin/make" "cmTC_8501a/fast"
/usr/bin/make -f CMakeFiles/cmTC_8501a.dir/build.make CMakeFiles/cmTC_8501a.dir/build
make[1]: Entering directory '/home/osum4est/gdrive/snaike/CMakeFiles/CMakeTmp'
Building CXX object CMakeFiles/cmTC_8501a.dir/CMakeCXXCompilerABI.cpp.o
/usr/lib/hardening-wrapper/bin/c++      -o CMakeFiles/cmTC_8501a.dir/CMakeCXXCompilerABI.cpp.o -c /home/osum4est/.local/share/JetBrains/Toolbox/apps/CLion/ch-0/163.10154.43/bin/cmake/share/cmake-3.6/Modules/CMakeCXXCompilerABI.cpp
Linking CXX executable cmTC_8501a
/home/osum4est/.local/share/JetBrains/Toolbox/apps/CLion/ch-0/163.10154.43/bin/cmake/bin/cmake -E cmake_link_script CMakeFiles/cmTC_8501a.dir/link.txt --verbose=1
/usr/lib/hardening-wrapper/bin/c++       -v CMakeFiles/cmTC_8501a.dir/CMakeCXXCompilerABI.cpp.o  -o cmTC_8501a  
Using built-in specs.
COLLECT_GCC=/usr/bin/c++
COLLECT_LTO_WRAPPER=/usr/lib/gcc/x86_64-pc-linux-gnu/6.3.1/lto-wrapper
Target: x86_64-pc-linux-gnu
Configured with: /build/gcc-multilib/src/gcc/configure --prefix=/usr --libdir=/usr/lib --libexecdir=/usr/lib --mandir=/usr/share/man --infodir=/usr/share/info --with-bugurl=https://bugs.archlinux.org/ --enable-languages=c,c++,ada,fortran,go,lto,objc,obj-c++ --enable-shared --enable-threads=posix --enable-libmpx --with-system-zlib --with-isl --enable-__cxa_atexit --disable-libunwind-exceptions --enable-clocale=gnu --disable-libstdcxx-pch --disable-libssp --enable-gnu-unique-object --enable-linker-build-id --enable-lto --enable-plugin --enable-install-libiberty --with-linker-hash-style=gnu --enable-gnu-indirect-function --enable-multilib --disable-werror --enable-checking=release
Thread model: posix
gcc version 6.3.1 20170109 (GCC) 
COMPILER_PATH=/usr/lib/hardening-wrapper/bin/:/usr/lib/gcc/x86_64-pc-linux-gnu/6.3.1/:/usr/lib/gcc/x86_64-pc-linux-gnu/6.3.1/:/usr/lib/gcc/x86_64-pc-linux-gnu/:/usr/lib/gcc/x86_64-pc-linux-gnu/6.3.1/:/usr/lib/gcc/x86_64-pc-linux-gnu/
LIBRARY_PATH=/usr/lib/hardening-wrapper/bin/:/usr/lib/gcc/x86_64-pc-linux-gnu/6.3.1/:/usr/lib/gcc/x86_64-pc-linux-gnu/6.3.1/../../../../lib/:/lib/../lib/:/usr/lib/../lib/:/usr/lib/gcc/x86_64-pc-linux-gnu/6.3.1/../../../:/lib/:/usr/lib/
COLLECT_GCC_OPTIONS='-B' '/usr/lib/hardening-wrapper/bin' '-fPIE' '-pie' '-fstack-check=specific' '-fstack-protector-strong' '-v' '-o' 'cmTC_8501a' '-shared-libgcc' '-mtune=generic' '-march=x86-64'
 /usr/lib/gcc/x86_64-pc-linux-gnu/6.3.1/collect2 -plugin /usr/lib/gcc/x86_64-pc-linux-gnu/6.3.1/liblto_plugin.so -plugin-opt=/usr/lib/gcc/x86_64-pc-linux-gnu/6.3.1/lto-wrapper -plugin-opt=-fresolution=/tmp/ccDGhaNg.res -plugin-opt=-pass-through=-lgcc_s -plugin-opt=-pass-through=-lgcc -plugin-opt=-pass-through=-lc -plugin-opt=-pass-through=-lgcc_s -plugin-opt=-pass-through=-lgcc --build-id --eh-frame-hdr --hash-style=gnu -m elf_x86_64 -dynamic-linker /lib64/ld-linux-x86-64.so.2 -pie -o cmTC_8501a /usr/lib/gcc/x86_64-pc-linux-gnu/6.3.1/../../../../lib/Scrt1.o /usr/lib/gcc/x86_64-pc-linux-gnu/6.3.1/../../../../lib/crti.o /usr/lib/gcc/x86_64-pc-linux-gnu/6.3.1/crtbeginS.o -L/usr/lib/hardening-wrapper/bin -L/usr/lib/gcc/x86_64-pc-linux-gnu/6.3.1 -L/usr/lib/gcc/x86_64-pc-linux-gnu/6.3.1/../../../../lib -L/lib/../lib -L/usr/lib/../lib -L/usr/lib/gcc/x86_64-pc-linux-gnu/6.3.1/../../.. CMakeFiles/cmTC_8501a.dir/CMakeCXXCompilerABI.cpp.o -lstdc++ -lm -lgcc_s -lgcc -lc -lgcc_s -lgcc /usr/lib/gcc/x86_64-pc-linux-gnu/6.3.1/crtendS.o /usr/lib/gcc/x86_64-pc-linux-gnu/6.3.1/../../../../lib/crtn.o
COLLECT_GCC_OPTIONS='-B' '/usr/lib/hardening-wrapper/bin' '-fPIE' '-pie' '-fstack-check=specific' '-fstack-protector-strong' '-v' '-o' 'cmTC_8501a' '-shared-libgcc' '-mtune=generic' '-march=x86-64'
make[1]: Leaving directory '/home/osum4est/gdrive/snaike/CMakeFiles/CMakeTmp'


Parsed CXX implicit link information from above output:
  link line regex: [^( *|.*[/\])(ld|([^/\]+-)?ld|collect2)[^/\]*( |$)]
  ignore line: [Change Dir: /home/osum4est/gdrive/snaike/CMakeFiles/CMakeTmp]
  ignore line: []
  ignore line: [Run Build Command:"/usr/bin/make" "cmTC_8501a/fast"]
  ignore line: [/usr/bin/make -f CMakeFiles/cmTC_8501a.dir/build.make CMakeFiles/cmTC_8501a.dir/build]
  ignore line: [make[1]: Entering directory '/home/osum4est/gdrive/snaike/CMakeFiles/CMakeTmp']
  ignore line: [Building CXX object CMakeFiles/cmTC_8501a.dir/CMakeCXXCompilerABI.cpp.o]
  ignore line: [/usr/lib/hardening-wrapper/bin/c++      -o CMakeFiles/cmTC_8501a.dir/CMakeCXXCompilerABI.cpp.o -c /home/osum4est/.local/share/JetBrains/Toolbox/apps/CLion/ch-0/163.10154.43/bin/cmake/share/cmake-3.6/Modules/CMakeCXXCompilerABI.cpp]
  ignore line: [Linking CXX executable cmTC_8501a]
  ignore line: [/home/osum4est/.local/share/JetBrains/Toolbox/apps/CLion/ch-0/163.10154.43/bin/cmake/bin/cmake -E cmake_link_script CMakeFiles/cmTC_8501a.dir/link.txt --verbose=1]
  ignore line: [/usr/lib/hardening-wrapper/bin/c++       -v CMakeFiles/cmTC_8501a.dir/CMakeCXXCompilerABI.cpp.o  -o cmTC_8501a  ]
  ignore line: [Using built-in specs.]
  ignore line: [COLLECT_GCC=/usr/bin/c++]
  ignore line: [COLLECT_LTO_WRAPPER=/usr/lib/gcc/x86_64-pc-linux-gnu/6.3.1/lto-wrapper]
  ignore line: [Target: x86_64-pc-linux-gnu]
  ignore line: [Configured with: /build/gcc-multilib/src/gcc/configure --prefix=/usr --libdir=/usr/lib --libexecdir=/usr/lib --mandir=/usr/share/man --infodir=/usr/share/info --with-bugurl=https://bugs.archlinux.org/ --enable-languages=c,c++,ada,fortran,go,lto,objc,obj-c++ --enable-shared --enable-threads=posix --enable-libmpx --with-system-zlib --with-isl --enable-__cxa_atexit --disable-libunwind-exceptions --enable-clocale=gnu --disable-libstdcxx-pch --disable-libssp --enable-gnu-unique-object --enable-linker-build-id --enable-lto --enable-plugin --enable-install-libiberty --with-linker-hash-style=gnu --enable-gnu-indirect-function --enable-multilib --disable-werror --enable-checking=release]
  ignore line: [Thread model: posix]
  ignore line: [gcc version 6.3.1 20170109 (GCC) ]
  ignore line: [COMPILER_PATH=/usr/lib/hardening-wrapper/bin/:/usr/lib/gcc/x86_64-pc-linux-gnu/6.3.1/:/usr/lib/gcc/x86_64-pc-linux-gnu/6.3.1/:/usr/lib/gcc/x86_64-pc-linux-gnu/:/usr/lib/gcc/x86_64-pc-linux-gnu/6.3.1/:/usr/lib/gcc/x86_64-pc-linux-gnu/]
  ignore line: [LIBRARY_PATH=/usr/lib/hardening-wrapper/bin/:/usr/lib/gcc/x86_64-pc-linux-gnu/6.3.1/:/usr/lib/gcc/x86_64-pc-linux-gnu/6.3.1/../../../../lib/:/lib/../lib/:/usr/lib/../lib/:/usr/lib/gcc/x86_64-pc-linux-gnu/6.3.1/../../../:/lib/:/usr/lib/]
  ignore line: [COLLECT_GCC_OPTIONS='-B' '/usr/lib/hardening-wrapper/bin' '-fPIE' '-pie' '-fstack-check=specific' '-fstack-protector-strong' '-v' '-o' 'cmTC_8501a' '-shared-libgcc' '-mtune=generic' '-march=x86-64']
  link line: [ /usr/lib/gcc/x86_64-pc-linux-gnu/6.3.1/collect2 -plugin /usr/lib/gcc/x86_64-pc-linux-gnu/6.3.1/liblto_plugin.so -plugin-opt=/usr/lib/gcc/x86_64-pc-linux-gnu/6.3.1/lto-wrapper -plugin-opt=-fresolution=/tmp/ccDGhaNg.res -plugin-opt=-pass-through=-lgcc_s -plugin-opt=-pass-through=-lgcc -plugin-opt=-pass-through=-lc -plugin-opt=-pass-through=-lgcc_s -plugin-opt=-pass-through=-lgcc --build-id --eh-frame-hdr --hash-style=gnu -m elf_x86_64 -dynamic-linker /lib64/ld-linux-x86-64.so.2 -pie -o cmTC_8501a /usr/lib/gcc/x86_64-pc-linux-gnu/6.3.1/../../../../lib/Scrt1.o /usr/lib/gcc/x86_64-pc-linux-gnu/6.3.1/../../../../lib/crti.o /usr/lib/gcc/x86_64-pc-linux-gnu/6.3.1/crtbeginS.o -L/usr/lib/hardening-wrapper/bin -L/usr/lib/gcc/x86_64-pc-linux-gnu/6.3.1 -L/usr/lib/gcc/x86_64-pc-linux-gnu/6.3.1/../../../../lib -L/lib/../lib -L/usr/lib/../lib -L/usr/lib/gcc/x86_64-pc-linux-gnu/6.3.1/../../.. CMakeFiles/cmTC_8501a.dir/CMakeCXXCompilerABI.cpp.o -lstdc++ -lm -lgcc_s -lgcc -lc -lgcc_s -lgcc /usr/lib/gcc/x86_64-pc-linux-gnu/6.3.1/crtendS.o /usr/lib/gcc/x86_64-pc-linux-gnu/6.3.1/../../../../lib/crtn.o]
    arg [/usr/lib/gcc/x86_64-pc-linux-gnu/6.3.1/collect2] ==> ignore
    arg [-plugin] ==> ignore
    arg [/usr/lib/gcc/x86_64-pc-linux-gnu/6.3.1/liblto_plugin.so] ==> ignore
    arg [-plugin-opt=/usr/lib/gcc/x86_64-pc-linux-gnu/6.3.1/lto-wrapper] ==> ignore
    arg [-plugin-opt=-fresolution=/tmp/ccDGhaNg.res] ==> ignore
    arg [-plugin-opt=-pass-through=-lgcc_s] ==> ignore
    arg [-plugin-opt=-pass-through=-lgcc] ==> ignore
    arg [-plugin-opt=-pass-through=-lc] ==> ignore
    arg [-plugin-opt=-pass-through=-lgcc_s] ==> ignore
    arg [-plugin-opt=-pass-through=-lgcc] ==> ignore
    arg [--build-id] ==> ignore
    arg [--eh-frame-hdr] ==> ignore
    arg [--hash-style=gnu] ==> ignore
    arg [-m] ==> ignore
    arg [elf_x86_64] ==> ignore
    arg [-dynamic-linker] ==> ignore
    arg [/lib64/ld-linux-x86-64.so.2] ==> ignore
    arg [-pie] ==> ignore
    arg [-o] ==> ignore
    arg [cmTC_8501a] ==> ignore
    arg [/usr/lib/gcc/x86_64-pc-linux-gnu/6.3.1/../../../../lib/Scrt1.o] ==> ignore
    arg [/usr/lib/gcc/x86_64-pc-linux-gnu/6.3.1/../../../../lib/crti.o] ==> ignore
    arg [/usr/lib/gcc/x86_64-pc-linux-gnu/6.3.1/crtbeginS.o] ==> ignore
    arg [-L/usr/lib/hardening-wrapper/bin] ==> dir [/usr/lib/hardening-wrapper/bin]
    arg [-L/usr/lib/gcc/x86_64-pc-linux-gnu/6.3.1] ==> dir [/usr/lib/gcc/x86_64-pc-linux-gnu/6.3.1]
    arg [-L/usr/lib/gcc/x86_64-pc-linux-gnu/6.3.1/../../../../lib] ==> dir [/usr/lib/gcc/x86_64-pc-linux-gnu/6.3.1/../../../../lib]
    arg [-L/lib/../lib] ==> dir [/lib/../lib]
    arg [-L/usr/lib/../lib] ==> dir [/usr/lib/../lib]
    arg [-L/usr/lib/gcc/x86_64-pc-linux-gnu/6.3.1/../../..] ==> dir [/usr/lib/gcc/x86_64-pc-linux-gnu/6.3.1/../../..]
    arg [CMakeFiles/cmTC_8501a.dir/CMakeCXXCompilerABI.cpp.o] ==> ignore
    arg [-lstdc++] ==> lib [stdc++]
    arg [-lm] ==> lib [m]
    arg [-lgcc_s] ==> lib [gcc_s]
    arg [-lgcc] ==> lib [gcc]
    arg [-lc] ==> lib [c]
    arg [-lgcc_s] ==> lib [gcc_s]
    arg [-lgcc] ==> lib [gcc]
    arg [/usr/lib/gcc/x86_64-pc-linux-gnu/6.3.1/crtendS.o] ==> ignore
    arg [/usr/lib/gcc/x86_64-pc-linux-gnu/6.3.1/../../../../lib/crtn.o] ==> ignore
  remove lib [gcc_s]
  remove lib [gcc]
  remove lib [gcc_s]
  remove lib [gcc]
  collapse library dir [/usr/lib/hardening-wrapper/bin] ==> [/usr/lib/hardening-wrapper/bin]
  collapse library dir [/usr/lib/gcc/x86_64-pc-linux-gnu/6.3.1] ==> [/usr/lib/gcc/x86_64-pc-linux-gnu/6.3.1]
  collapse library dir [/usr/lib/gcc/x86_64-pc-linux-gnu/6.3.1/../../../../lib] ==> [/usr/lib]
  collapse library dir [/lib/../lib] ==> [/lib]
  collapse library dir [/usr/lib/../lib] ==> [/usr/lib]
  collapse library dir [/usr/lib/gcc/x86_64-pc-linux-gnu/6.3.1/../../..] ==> [/usr/lib]
  implicit libs: [stdc++;m;c]
  implicit dirs: [/usr/lib/hardening-wrapper/bin;/usr/lib/gcc/x86_64-pc-linux-gnu/6.3.1;/usr/lib;/lib]
  implicit fwks: []




Detecting CXX [-std=c++14] compiler features compiled with the following output:
Change Dir: /home/osum4est/gdrive/snaike/CMakeFiles/CMakeTmp

Run Build Command:"/usr/bin/make" "cmTC_56dd5/fast"
/usr/bin/make -f CMakeFiles/cmTC_56dd5.dir/build.make CMakeFiles/cmTC_56dd5.dir/build
make[1]: Entering directory '/home/osum4est/gdrive/snaike/CMakeFiles/CMakeTmp'
Building CXX object CMakeFiles/cmTC_56dd5.dir/feature_tests.cxx.o
/usr/lib/hardening-wrapper/bin/c++     -std=c++14 -o CMakeFiles/cmTC_56dd5.dir/feature_tests.cxx.o -c /home/osum4est/gdrive/snaike/CMakeFiles/feature_tests.cxx
Linking CXX executable cmTC_56dd5
/home/osum4est/.local/share/JetBrains/Toolbox/apps/CLion/ch-0/163.10154.43/bin/cmake/bin/cmake -E cmake_link_script CMakeFiles/cmTC_56dd5.dir/link.txt --verbose=1
/usr/lib/hardening-wrapper/bin/c++        CMakeFiles/cmTC_56dd5.dir/feature_tests.cxx.o  -o cmTC_56dd5 
make[1]: Leaving directory '/home/osum4est/gdrive/snaike/CMakeFiles/CMakeTmp'


    Feature record: CXX_FEATURE:1cxx_aggregate_default_initializers
    Feature record: CXX_FEATURE:1cxx_alias_templates
    Feature record: CXX_FEATURE:1cxx_alignas
    Feature record: CXX_FEATURE:1cxx_alignof
    Feature record: CXX_FEATURE:1cxx_attributes
    Feature record: CXX_FEATURE:1cxx_attribute_deprecated
    Feature record: CXX_FEATURE:1cxx_auto_type
    Feature record: CXX_FEATURE:1cxx_binary_literals
    Feature record: CXX_FEATURE:1cxx_constexpr
    Feature record: CXX_FEATURE:1cxx_contextual_conversions
    Feature record: CXX_FEATURE:1cxx_decltype
    Feature record: CXX_FEATURE:1cxx_decltype_auto
    Feature record: CXX_FEATURE:1cxx_decltype_incomplete_return_types
    Feature record: CXX_FEATURE:1cxx_default_function_template_args
    Feature record: CXX_FEATURE:1cxx_defaulted_functions
    Feature record: CXX_FEATURE:1cxx_defaulted_move_initializers
    Feature record: CXX_FEATURE:1cxx_delegating_constructors
    Feature record: CXX_FEATURE:1cxx_deleted_functions
    Feature record: CXX_FEATURE:1cxx_digit_separators
    Feature record: CXX_FEATURE:1cxx_enum_forward_declarations
    Feature record: CXX_FEATURE:1cxx_explicit_conversions
    Feature record: CXX_FEATURE:1cxx_extended_friend_declarations
    Feature record: CXX_FEATURE:1cxx_extern_templates
    Feature record: CXX_FEATURE:1cxx_final
    Feature record: CXX_FEATURE:1cxx_func_identifier
    Feature record: CXX_FEATURE:1cxx_generalized_initializers
    Feature record: CXX_FEATURE:1cxx_generic_lambdas
    Feature record: CXX_FEATURE:1cxx_inheriting_constructors
    Feature record: CXX_FEATURE:1cxx_inline_namespaces
    Feature record: CXX_FEATURE:1cxx_lambdas
    Feature record: CXX_FEATURE:1cxx_lambda_init_captures
    Feature record: CXX_FEATURE:1cxx_local_type_template_args
    Feature record: CXX_FEATURE:1cxx_long_long_type
    Feature record: CXX_FEATURE:1cxx_noexcept
    Feature record: CXX_FEATURE:1cxx_nonstatic_member_init
    Feature record: CXX_FEATURE:1cxx_nullptr
    Feature record: CXX_FEATURE:1cxx_override
    Feature record: CXX_FEATURE:1cxx_range_for
    Feature record: CXX_FEATURE:1cxx_raw_string_literals
    Feature record: CXX_FEATURE:1cxx_reference_qualified_functions
    Feature record: CXX_FEATURE:1cxx_relaxed_constexpr
    Feature record: CXX_FEATURE:1cxx_return_type_deduction
    Feature record: CXX_FEATURE:1cxx_right_angle_brackets
    Feature record: CXX_FEATURE:1cxx_rvalue_references
    Feature record: CXX_FEATURE:1cxx_sizeof_member
    Feature record: CXX_FEATURE:1cxx_static_assert
    Feature record: CXX_FEATURE:1cxx_strong_enums
    Feature record: CXX_FEATURE:1cxx_template_template_parameters
    Feature record: CXX_FEATURE:1cxx_thread_local
    Feature record: CXX_FEATURE:1cxx_trailing_return_types
    Feature record: CXX_FEATURE:1cxx_unicode_literals
    Feature record: CXX_FEATURE:1cxx_uniform_initialization
    Feature record: CXX_FEATURE:1cxx_unrestricted_unions
    Feature record: CXX_FEATURE:1cxx_user_literals
    Feature record: CXX_FEATURE:1cxx_variable_templates
    Feature record: CXX_FEATURE:1cxx_variadic_macros
    Feature record: CXX_FEATURE:1cxx_variadic_templates


Detecting CXX [-std=c++11] compiler features compiled with the following output:
Change Dir: /home/osum4est/gdrive/snaike/CMakeFiles/CMakeTmp

Run Build Command:"/usr/bin/make" "cmTC_9f1b8/fast"
/usr/bin/make -f CMakeFiles/cmTC_9f1b8.dir/build.make CMakeFiles/cmTC_9f1b8.dir/build
make[1]: Entering directory '/home/osum4est/gdrive/snaike/CMakeFiles/CMakeTmp'
Building CXX object CMakeFiles/cmTC_9f1b8.dir/feature_tests.cxx.o
/usr/lib/hardening-wrapper/bin/c++     -std=c++11 -o CMakeFiles/cmTC_9f1b8.dir/feature_tests.cxx.o -c /home/osum4est/gdrive/snaike/CMakeFiles/feature_tests.cxx
Linking CXX executable cmTC_9f1b8
/home/osum4est/.local/share/JetBrains/Toolbox/apps/CLion/ch-0/163.10154.43/bin/cmake/bin/cmake -E cmake_link_script CMakeFiles/cmTC_9f1b8.dir/link.txt --verbose=1
/usr/lib/hardening-wrapper/bin/c++        CMakeFiles/cmTC_9f1b8.dir/feature_tests.cxx.o  -o cmTC_9f1b8 
make[1]: Leaving directory '/home/osum4est/gdrive/snaike/CMakeFiles/CMakeTmp'


    Feature record: CXX_FEATURE:0cxx_aggregate_default_initializers
    Feature record: CXX_FEATURE:1cxx_alias_templates
    Feature record: CXX_FEATURE:1cxx_alignas
    Feature record: CXX_FEATURE:1cxx_alignof
    Feature record: CXX_FEATURE:1cxx_attributes
    Feature record: CXX_FEATURE:0cxx_attribute_deprecated
    Feature record: CXX_FEATURE:1cxx_auto_type
    Feature record: CXX_FEATURE:0cxx_binary_literals
    Feature record: CXX_FEATURE:1cxx_constexpr
    Feature record: CXX_FEATURE:0cxx_contextual_conversions
    Feature record: CXX_FEATURE:1cxx_decltype
    Feature record: CXX_FEATURE:0cxx_decltype_auto
    Feature record: CXX_FEATURE:1cxx_decltype_incomplete_return_types
    Feature record: CXX_FEATURE:1cxx_default_function_template_args
    Feature record: CXX_FEATURE:1cxx_defaulted_functions
    Feature record: CXX_FEATURE:1cxx_defaulted_move_initializers
    Feature record: CXX_FEATURE:1cxx_delegating_constructors
    Feature record: CXX_FEATURE:1cxx_deleted_functions
    Feature record: CXX_FEATURE:0cxx_digit_separators
    Feature record: CXX_FEATURE:1cxx_enum_forward_declarations
    Feature record: CXX_FEATURE:1cxx_explicit_conversions
    Feature record: CXX_FEATURE:1cxx_extended_friend_declarations
    Feature record: CXX_FEATURE:1cxx_extern_templates
    Feature record: CXX_FEATURE:1cxx_final
    Feature record: CXX_FEATURE:1cxx_func_identifier
    Feature record: CXX_FEATURE:1cxx_generalized_initializers
    Feature record: CXX_FEATURE:0cxx_generic_lambdas
    Feature record: CXX_FEATURE:1cxx_inheriting_constructors
    Feature record: CXX_FEATURE:1cxx_inline_namespaces
    Feature record: CXX_FEATURE:1cxx_lambdas
    Feature record: CXX_FEATURE:0cxx_lambda_init_captures
    Feature record: CXX_FEATURE:1cxx_local_type_template_args
    Feature record: CXX_FEATURE:1cxx_long_long_type
    Feature record: CXX_FEATURE:1cxx_noexcept
    Feature record: CXX_FEATURE:1cxx_nonstatic_member_init
    Feature record: CXX_FEATURE:1cxx_nullptr
    Feature record: CXX_FEATURE:1cxx_override
    Feature record: CXX_FEATURE:1cxx_range_for
    Feature record: CXX_FEATURE:1cxx_raw_string_literals
    Feature record: CXX_FEATURE:1cxx_reference_qualified_functions
    Feature record: CXX_FEATURE:0cxx_relaxed_constexpr
    Feature record: CXX_FEATURE:0cxx_return_type_deduction
    Feature record: CXX_FEATURE:1cxx_right_angle_brackets
    Feature record: CXX_FEATURE:1cxx_rvalue_references
    Feature record: CXX_FEATURE:1cxx_sizeof_member
    Feature record: CXX_FEATURE:1cxx_static_assert
    Feature record: CXX_FEATURE:1cxx_strong_enums
    Feature record: CXX_FEATURE:1cxx_template_template_parameters
    Feature record: CXX_FEATURE:1cxx_thread_local
    Feature record: CXX_FEATURE:1cxx_trailing_return_types
    Feature record: CXX_FEATURE:1cxx_unicode_literals
    Feature record: CXX_FEATURE:1cxx_uniform_initialization
    Feature record: CXX_FEATURE:1cxx_unrestricted_unions
    Feature record: CXX_FEATURE:1cxx_user_literals
    Feature record: CXX_FEATURE:0cxx_variable_templates
    Feature record: CXX_FEATURE:1cxx_variadic_macros
    Feature record: CXX_FEATURE:1cxx_variadic_templates


Detecting CXX [-std=c++98] compiler features compiled with the following output:
Change Dir: /home/osum4est/gdrive/snaike/CMakeFiles/CMakeTmp

Run Build Command:"/usr/bin/make" "cmTC_f31d9/fast"
/usr/bin/make -f CMakeFiles/cmTC_f31d9.dir/build.make CMakeFiles/cmTC_f31d9.dir/build
make[1]: Entering directory '/home/osum4est/gdrive/snaike/CMakeFiles/CMakeTmp'
Building CXX object CMakeFiles/cmTC_f31d9.dir/feature_tests.cxx.o
/usr/lib/hardening-wrapper/bin/c++     -std=c++98 -o CMakeFiles/cmTC_f31d9.dir/feature_tests.cxx.o -c /home/osum4est/gdrive/snaike/CMakeFiles/feature_tests.cxx
Linking CXX executable cmTC_f31d9
/home/osum4est/.local/share/JetBrains/Toolbox/apps/CLion/ch-0/163.10154.43/bin/cmake/bin/cmake -E cmake_link_script CMakeFiles/cmTC_f31d9.dir/link.txt --verbose=1
/usr/lib/hardening-wrapper/bin/c++        CMakeFiles/cmTC_f31d9.dir/feature_tests.cxx.o  -o cmTC_f31d9 
make[1]: Leaving directory '/home/osum4est/gdrive/snaike/CMakeFiles/CMakeTmp'


    Feature record: CXX_FEATURE:0cxx_aggregate_default_initializers
    Feature record: CXX_FEATURE:0cxx_alias_templates
    Feature record: CXX_FEATURE:0cxx_alignas
    Feature record: CXX_FEATURE:0cxx_alignof
    Feature record: CXX_FEATURE:0cxx_attributes
    Feature record: CXX_FEATURE:0cxx_attribute_deprecated
    Feature record: CXX_FEATURE:0cxx_auto_type
    Feature record: CXX_FEATURE:0cxx_binary_literals
    Feature record: CXX_FEATURE:0cxx_constexpr
    Feature record: CXX_FEATURE:0cxx_contextual_conversions
    Feature record: CXX_FEATURE:0cxx_decltype
    Feature record: CXX_FEATURE:0cxx_decltype_auto
    Feature record: CXX_FEATURE:0cxx_decltype_incomplete_return_types
    Feature record: CXX_FEATURE:0cxx_default_function_template_args
    Feature record: CXX_FEATURE:0cxx_defaulted_functions
    Feature record: CXX_FEATURE:0cxx_defaulted_move_initializers
    Feature record: CXX_FEATURE:0cxx_delegating_constructors
    Feature record: CXX_FEATURE:0cxx_deleted_functions
    Feature record: CXX_FEATURE:0cxx_digit_separators
    Feature record: CXX_FEATURE:0cxx_enum_forward_declarations
    Feature record: CXX_FEATURE:0cxx_explicit_conversions
    Feature record: CXX_FEATURE:0cxx_extended_friend_declarations
    Feature record: CXX_FEATURE:0cxx_extern_templates
    Feature record: CXX_FEATURE:0cxx_final
    Feature record: CXX_FEATURE:0cxx_func_identifier
    Feature record: CXX_FEATURE:0cxx_generalized_initializers
    Feature record: CXX_FEATURE:0cxx_generic_lambdas
    Feature record: CXX_FEATURE:0cxx_inheriting_constructors
    Feature record: CXX_FEATURE:0cxx_inline_namespaces
    Feature record: CXX_FEATURE:0cxx_lambdas
    Feature record: CXX_FEATURE:0cxx_lambda_init_captures
    Feature record: CXX_FEATURE:0cxx_local_type_template_args
    Feature record: CXX_FEATURE:0cxx_long_long_type
    Feature record: CXX_FEATURE:0cxx_noexcept
    Feature record: CXX_FEATURE:0cxx_nonstatic_member_init
    Feature record: CXX_FEATURE:0cxx_nullptr
    Feature record: CXX_FEATURE:0cxx_override
    Feature record: CXX_FEATURE:0cxx_range_for
    Feature record: CXX_FEATURE:0cxx_raw_string_literals
    Feature record: CXX_FEATURE:0cxx_reference_qualified_functions
    Feature record: CXX_FEATURE:0cxx_relaxed_constexpr
    Feature record: CXX_FEATURE:0cxx_return_type_deduction
    Feature record: CXX_FEATURE:0cxx_right_angle_brackets
    Feature record: CXX_FEATURE:0cxx_rvalue_references
    Feature record: CXX_FEATURE:0cxx_sizeof_member
    Feature record: CXX_FEATURE:0cxx_static_assert
    Feature record: CXX_FEATURE:0cxx_strong_enums
    Feature record: CXX_FEATURE:1cxx_template_template_parameters
    Feature record: CXX_FEATURE:0cxx_thread_local
    Feature record: CXX_FEATURE:0cxx_trailing_return_types
    Feature record: CXX_FEATURE:0cxx_unicode_literals
    Feature record: CXX_FEATURE:0cxx_uniform_initialization
    Feature record: CXX_FEATURE:0cxx_unrestricted_unions
    Feature record: CXX_FEATURE:0cxx_user_literals
    Feature record: CXX_FEATURE:0cxx_variable_templates
    Feature record: CXX_FEATURE:0cxx_variadic_macros
    Feature record: CXX_FEATURE:0cxx_variadic_templates
Determining if the include file pthread.h exists passed with the following output:
Change Dir: /home/osum4est/gdrive/snaike/CMakeFiles/CMakeTmp

Run Build Command:"/usr/bin/make" "cmTC_68a3f/fast"
/usr/bin/make -f CMakeFiles/cmTC_68a3f.dir/build.make CMakeFiles/cmTC_68a3f.dir/build
make[1]: Entering directory '/home/osum4est/gdrive/snaike/CMakeFiles/CMakeTmp'
Building C object CMakeFiles/cmTC_68a3f.dir/CheckIncludeFile.c.o
/usr/lib/hardening-wrapper/bin/cc     -o CMakeFiles/cmTC_68a3f.dir/CheckIncludeFile.c.o   -c /home/osum4est/gdrive/snaike/CMakeFiles/CMakeTmp/CheckIncludeFile.c
Linking C executable cmTC_68a3f
/home/osum4est/.local/share/JetBrains/Toolbox/apps/CLion/ch-0/163.10154.43/bin/cmake/bin/cmake -E cmake_link_script CMakeFiles/cmTC_68a3f.dir/link.txt --verbose=1
/usr/lib/hardening-wrapper/bin/cc       CMakeFiles/cmTC_68a3f.dir/CheckIncludeFile.c.o  -o cmTC_68a3f -rdynamic 
make[1]: Leaving directory '/home/osum4est/gdrive/snaike/CMakeFiles/CMakeTmp'


Determining if the function pthread_create exists in the pthread passed with the following output:
Change Dir: /home/osum4est/gdrive/snaike/CMakeFiles/CMakeTmp

Run Build Command:"/usr/bin/make" "cmTC_cdec6/fast"
/usr/bin/make -f CMakeFiles/cmTC_cdec6.dir/build.make CMakeFiles/cmTC_cdec6.dir/build
make[1]: Entering directory '/home/osum4est/gdrive/snaike/CMakeFiles/CMakeTmp'
Building C object CMakeFiles/cmTC_cdec6.dir/CheckFunctionExists.c.o
/usr/lib/hardening-wrapper/bin/cc    -DCHECK_FUNCTION_EXISTS=pthread_create   -o CMakeFiles/cmTC_cdec6.dir/CheckFunctionExists.c.o   -c /home/osum4est/.local/share/JetBrains/Toolbox/apps/CLion/ch-0/163.10154.43/bin/cmake/share/cmake-3.6/Modules/CheckFunctionExists.c
Linking C executable cmTC_cdec6
/home/osum4est/.local/share/JetBrains/Toolbox/apps/CLion/ch-0/163.10154.43/bin/cmake/bin/cmake -E cmake_link_script CMakeFiles/cmTC_cdec6.dir/link.txt --verbose=1
/usr/lib/hardening-wrapper/bin/cc   -DCHECK_FUNCTION_EXISTS=pthread_create    CMakeFiles/cmTC_cdec6.dir/CheckFunctionExists.c.o  -o cmTC_cdec6 -rdynamic -lpthread 
make[1]: Leaving directory '/home/osum4est/gdrive/snaike/CMakeFiles/CMakeTmp'


Determining if the function XOpenDisplay exists in the /usr/lib64/libX11.so;/usr/lib64/libXext.so passed with the following output:
Change Dir: /home/osum4est/gdrive/snaike/CMakeFiles/CMakeTmp

Run Build Command:"/usr/bin/make" "cmTC_c44a4/fast"
/usr/bin/make -f CMakeFiles/cmTC_c44a4.dir/build.make CMakeFiles/cmTC_c44a4.dir/build
make[1]: Entering directory '/home/osum4est/gdrive/snaike/CMakeFiles/CMakeTmp'
Building C object CMakeFiles/cmTC_c44a4.dir/CheckFunctionExists.c.o
/usr/lib/hardening-wrapper/bin/cc    -DCHECK_FUNCTION_EXISTS=XOpenDisplay   -o CMakeFiles/cmTC_c44a4.dir/CheckFunctionExists.c.o   -c /home/osum4est/.local/share/JetBrains/Toolbox/apps/CLion/ch-0/163.10154.43/bin/cmake/share/cmake-3.6/Modules/CheckFunctionExists.c
Linking C executable cmTC_c44a4
/home/osum4est/.local/share/JetBrains/Toolbox/apps/CLion/ch-0/163.10154.43/bin/cmake/bin/cmake -E cmake_link_script CMakeFiles/cmTC_c44a4.dir/link.txt --verbose=1
/usr/lib/hardening-wrapper/bin/cc   -DCHECK_FUNCTION_EXISTS=XOpenDisplay    CMakeFiles/cmTC_c44a4.dir/CheckFunctionExists.c.o  -o cmTC_c44a4 -rdynamic /usr/lib64/libX11.so /usr/lib64/libXext.so 
make[1]: Leaving directory '/home/osum4est/gdrive/snaike/CMakeFiles/CMakeTmp'


Determining if the function gethostbyname exists passed with the following output:
Change Dir: /home/osum4est/gdrive/snaike/CMakeFiles/CMakeTmp

Run Build Command:"/usr/bin/make" "cmTC_81a07/fast"
/usr/bin/make -f CMakeFiles/cmTC_81a07.dir/build.make CMakeFiles/cmTC_81a07.dir/build
make[1]: Entering directory '/home/osum4est/gdrive/snaike/CMakeFiles/CMakeTmp'
Building C object CMakeFiles/cmTC_81a07.dir/CheckFunctionExists.c.o
/usr/lib/hardening-wrapper/bin/cc    -DCHECK_FUNCTION_EXISTS=gethostbyname   -o CMakeFiles/cmTC_81a07.dir/CheckFunctionExists.c.o   -c /home/osum4est/.local/share/JetBrains/Toolbox/apps/CLion/ch-0/163.10154.43/bin/cmake/share/cmake-3.6/Modules/CheckFunctionExists.c
Linking C executable cmTC_81a07
/home/osum4est/.local/share/JetBrains/Toolbox/apps/CLion/ch-0/163.10154.43/bin/cmake/bin/cmake -E cmake_link_script CMakeFiles/cmTC_81a07.dir/link.txt --verbose=1
/usr/lib/hardening-wrapper/bin/cc   -DCHECK_FUNCTION_EXISTS=gethostbyname    CMakeFiles/cmTC_81a07.dir/CheckFunctionExists.c.o  -o cmTC_81a07 -rdynamic 
make[1]: Leaving directory '/home/osum4est/gdrive/snaike/CMakeFiles/CMakeTmp'


Determining if the function connect exists passed with the following output:
Change Dir: /home/osum4est/gdrive/snaike/CMakeFiles/CMakeTmp

Run Build Command:"/usr/bin/make" "cmTC_09421/fast"
/usr/bin/make -f CMakeFiles/cmTC_09421.dir/build.make CMakeFiles/cmTC_09421.dir/build
make[1]: Entering directory '/home/osum4est/gdrive/snaike/CMakeFiles/CMakeTmp'
Building C object CMakeFiles/cmTC_09421.dir/CheckFunctionExists.c.o
/usr/lib/hardening-wrapper/bin/cc    -DCHECK_FUNCTION_EXISTS=connect   -o CMakeFiles/cmTC_09421.dir/CheckFunctionExists.c.o   -c /home/osum4est/.local/share/JetBrains/Toolbox/apps/CLion/ch-0/163.10154.43/bin/cmake/share/cmake-3.6/Modules/CheckFunctionExists.c
Linking C executable cmTC_09421
/home/osum4est/.local/share/JetBrains/Toolbox/apps/CLion/ch-0/163.10154.43/bin/cmake/bin/cmake -E cmake_link_script CMakeFiles/cmTC_09421.dir/link.txt --verbose=1
/usr/lib/hardening-wrapper/bin/cc   -DCHECK_FUNCTION_EXISTS=connect    CMakeFiles/cmTC_09421.dir/CheckFunctionExists.c.o  -o cmTC_09421 -rdynamic 
make[1]: Leaving directory '/home/osum4est/gdrive/snaike/CMakeFiles/CMakeTmp'


Determining if the function remove exists passed with the following output:
Change Dir: /home/osum4est/gdrive/snaike/CMakeFiles/CMakeTmp

Run Build Command:"/usr/bin/make" "cmTC_58c35/fast"
/usr/bin/make -f CMakeFiles/cmTC_58c35.dir/build.make CMakeFiles/cmTC_58c35.dir/build
make[1]: Entering directory '/home/osum4est/gdrive/snaike/CMakeFiles/CMakeTmp'
Building C object CMakeFiles/cmTC_58c35.dir/CheckFunctionExists.c.o
/usr/lib/hardening-wrapper/bin/cc    -DCHECK_FUNCTION_EXISTS=remove   -o CMakeFiles/cmTC_58c35.dir/CheckFunctionExists.c.o   -c /home/osum4est/.local/share/JetBrains/Toolbox/apps/CLion/ch-0/163.10154.43/bin/cmake/share/cmake-3.6/Modules/CheckFunctionExists.c
Linking C executable cmTC_58c35
/home/osum4est/.local/share/JetBrains/Toolbox/apps/CLion/ch-0/163.10154.43/bin/cmake/bin/cmake -E cmake_link_script CMakeFiles/cmTC_58c35.dir/link.txt --verbose=1
/usr/lib/hardening-wrapper/bin/cc   -DCHECK_FUNCTION_EXISTS=remove    CMakeFiles/cmTC_58c35.dir/CheckFunctionExists.c.o  -o cmTC_58c35 -rdynamic 
make[1]: Leaving directory '/home/osum4est/gdrive/snaike/CMakeFiles/CMakeTmp'


Determining if the function shmat exists passed with the following output:
Change Dir: /home/osum4est/gdrive/snaike/CMakeFiles/CMakeTmp

Run Build Command:"/usr/bin/make" "cmTC_a271c/fast"
/usr/bin/make -f CMakeFiles/cmTC_a271c.dir/build.make CMakeFiles/cmTC_a271c.dir/build
make[1]: Entering directory '/home/osum4est/gdrive/snaike/CMakeFiles/CMakeTmp'
Building C object CMakeFiles/cmTC_a271c.dir/CheckFunctionExists.c.o
/usr/lib/hardening-wrapper/bin/cc    -DCHECK_FUNCTION_EXISTS=shmat   -o CMakeFiles/cmTC_a271c.dir/CheckFunctionExists.c.o   -c /home/osum4est/.local/share/JetBrains/Toolbox/apps/CLion/ch-0/163.10154.43/bin/cmake/share/cmake-3.6/Modules/CheckFunctionExists.c
Linking C executable cmTC_a271c
/home/osum4est/.local/share/JetBrains/Toolbox/apps/CLion/ch-0/163.10154.43/bin/cmake/bin/cmake -E cmake_link_script CMakeFiles/cmTC_a271c.dir/link.txt --verbose=1
/usr/lib/hardening-wrapper/bin/cc   -DCHECK_FUNCTION_EXISTS=shmat    CMakeFiles/cmTC_a271c.dir/CheckFunctionExists.c.o  -o cmTC_a271c -rdynamic 
make[1]: Leaving directory '/home/osum4est/gdrive/snaike/CMakeFiles/CMakeTmp'


Determining if the function IceConnectionNumber exists in the ICE passed with the following output:
Change Dir: /home/osum4est/gdrive/snaike/CMakeFiles/CMakeTmp

Run Build Command:"/usr/bin/make" "cmTC_f312a/fast"
/usr/bin/make -f CMakeFiles/cmTC_f312a.dir/build.make CMakeFiles/cmTC_f312a.dir/build
make[1]: Entering directory '/home/osum4est/gdrive/snaike/CMakeFiles/CMakeTmp'
Building C object CMakeFiles/cmTC_f312a.dir/CheckFunctionExists.c.o
/usr/lib/hardening-wrapper/bin/cc    -DCHECK_FUNCTION_EXISTS=IceConnectionNumber   -o CMakeFiles/cmTC_f312a.dir/CheckFunctionExists.c.o   -c /home/osum4est/.local/share/JetBrains/Toolbox/apps/CLion/ch-0/163.10154.43/bin/cmake/share/cmake-3.6/Modules/CheckFunctionExists.c
Linking C executable cmTC_f312a
/home/osum4est/.local/share/JetBrains/Toolbox/apps/CLion/ch-0/163.10154.43/bin/cmake/bin/cmake -E cmake_link_script CMakeFiles/cmTC_f312a.dir/link.txt --verbose=1
/usr/lib/hardening-wrapper/bin/cc   -DCHECK_FUNCTION_EXISTS=IceConnectionNumber    CMakeFiles/cmTC_f312a.dir/CheckFunctionExists.c.o  -o cmTC_f312a -rdynamic -lICE 
make[1]: Leaving directory '/home/osum4est/gdrive/snaike/CMakeFiles/CMakeTmp'


Determining if the include file pthread.h exists passed with the following output:
Change Dir: /home/osum4est/gdrive/snaike/CMakeFiles/CMakeTmp

Run Build Command:"/usr/bin/make" "cmTC_604bc/fast"
/usr/bin/make -f CMakeFiles/cmTC_604bc.dir/build.make CMakeFiles/cmTC_604bc.dir/build
make[1]: Entering directory '/home/osum4est/gdrive/snaike/CMakeFiles/CMakeTmp'
Building C object CMakeFiles/cmTC_604bc.dir/CheckIncludeFile.c.o
/usr/lib/hardening-wrapper/bin/cc     -o CMakeFiles/cmTC_604bc.dir/CheckIncludeFile.c.o   -c /home/osum4est/gdrive/snaike/CMakeFiles/CMakeTmp/CheckIncludeFile.c
Linking C executable cmTC_604bc
/home/osum4est/.local/share/JetBrains/Toolbox/apps/CLion/ch-0/163.10154.43/bin/cmake/bin/cmake -E cmake_link_script CMakeFiles/cmTC_604bc.dir/link.txt --verbose=1
/usr/lib/hardening-wrapper/bin/cc       CMakeFiles/cmTC_604bc.dir/CheckIncludeFile.c.o  -o cmTC_604bc -rdynamic 
make[1]: Leaving directory '/home/osum4est/gdrive/snaike/CMakeFiles/CMakeTmp'


Determining if the function pthread_create exists in the pthread passed with the following output:
Change Dir: /home/osum4est/gdrive/snaike/CMakeFiles/CMakeTmp

Run Build Command:"/usr/bin/make" "cmTC_d4809/fast"
/usr/bin/make -f CMakeFiles/cmTC_d4809.dir/build.make CMakeFiles/cmTC_d4809.dir/build
make[1]: Entering directory '/home/osum4est/gdrive/snaike/CMakeFiles/CMakeTmp'
Building C object CMakeFiles/cmTC_d4809.dir/CheckFunctionExists.c.o
/usr/lib/hardening-wrapper/bin/cc    -DCHECK_FUNCTION_EXISTS=pthread_create   -o CMakeFiles/cmTC_d4809.dir/CheckFunctionExists.c.o   -c /home/osum4est/.local/share/JetBrains/Toolbox/apps/CLion/ch-0/163.10154.43/bin/cmake/share/cmake-3.6/Modules/CheckFunctionExists.c
Linking C executable cmTC_d4809
/home/osum4est/.local/share/JetBrains/Toolbox/apps/CLion/ch-0/163.10154.43/bin/cmake/bin/cmake -E cmake_link_script CMakeFiles/cmTC_d4809.dir/link.txt --verbose=1
/usr/lib/hardening-wrapper/bin/cc   -DCHECK_FUNCTION_EXISTS=pthread_create    CMakeFiles/cmTC_d4809.dir/CheckFunctionExists.c.o  -o cmTC_d4809 -rdynamic -lpthread 
make[1]: Leaving directory '/home/osum4est/gdrive/snaike/CMakeFiles/CMakeTmp'


Determining if the function XOpenDisplay exists in the /usr/lib64/libX11.so;/usr/lib64/libXext.so passed with the following output:
Change Dir: /home/osum4est/gdrive/snaike/CMakeFiles/CMakeTmp

Run Build Command:"/usr/bin/make" "cmTC_9a177/fast"
/usr/bin/make -f CMakeFiles/cmTC_9a177.dir/build.make CMakeFiles/cmTC_9a177.dir/build
make[1]: Entering directory '/home/osum4est/gdrive/snaike/CMakeFiles/CMakeTmp'
Building C object CMakeFiles/cmTC_9a177.dir/CheckFunctionExists.c.o
/usr/lib/hardening-wrapper/bin/cc    -DCHECK_FUNCTION_EXISTS=XOpenDisplay   -o CMakeFiles/cmTC_9a177.dir/CheckFunctionExists.c.o   -c /home/osum4est/.local/share/JetBrains/Toolbox/apps/CLion/ch-0/163.10154.43/bin/cmake/share/cmake-3.6/Modules/CheckFunctionExists.c
Linking C executable cmTC_9a177
/home/osum4est/.local/share/JetBrains/Toolbox/apps/CLion/ch-0/163.10154.43/bin/cmake/bin/cmake -E cmake_link_script CMakeFiles/cmTC_9a177.dir/link.txt --verbose=1
/usr/lib/hardening-wrapper/bin/cc   -DCHECK_FUNCTION_EXISTS=XOpenDisplay    CMakeFiles/cmTC_9a177.dir/CheckFunctionExists.c.o  -o cmTC_9a177 -rdynamic /usr/lib64/libX11.so /usr/lib64/libXext.so 
make[1]: Leaving directory '/home/osum4est/gdrive/snaike/CMakeFiles/CMakeTmp'


Determining if the function gethostbyname exists passed with the following output:
Change Dir: /home/osum4est/gdrive/snaike/CMakeFiles/CMakeTmp

Run Build Command:"/usr/bin/make" "cmTC_aa993/fast"
/usr/bin/make -f CMakeFiles/cmTC_aa993.dir/build.make CMakeFiles/cmTC_aa993.dir/build
make[1]: Entering directory '/home/osum4est/gdrive/snaike/CMakeFiles/CMakeTmp'
Building C object CMakeFiles/cmTC_aa993.dir/CheckFunctionExists.c.o
/usr/lib/hardening-wrapper/bin/cc    -DCHECK_FUNCTION_EXISTS=gethostbyname   -o CMakeFiles/cmTC_aa993.dir/CheckFunctionExists.c.o   -c /home/osum4est/.local/share/JetBrains/Toolbox/apps/CLion/ch-0/163.10154.43/bin/cmake/share/cmake-3.6/Modules/CheckFunctionExists.c
Linking C executable cmTC_aa993
/home/osum4est/.local/share/JetBrains/Toolbox/apps/CLion/ch-0/163.10154.43/bin/cmake/bin/cmake -E cmake_link_script CMakeFiles/cmTC_aa993.dir/link.txt --verbose=1
/usr/lib/hardening-wrapper/bin/cc   -DCHECK_FUNCTION_EXISTS=gethostbyname    CMakeFiles/cmTC_aa993.dir/CheckFunctionExists.c.o  -o cmTC_aa993 -rdynamic 
make[1]: Leaving directory '/home/osum4est/gdrive/snaike/CMakeFiles/CMakeTmp'


Determining if the function connect exists passed with the following output:
Change Dir: /home/osum4est/gdrive/snaike/CMakeFiles/CMakeTmp

Run Build Command:"/usr/bin/make" "cmTC_ef8bc/fast"
/usr/bin/make -f CMakeFiles/cmTC_ef8bc.dir/build.make CMakeFiles/cmTC_ef8bc.dir/build
make[1]: Entering directory '/home/osum4est/gdrive/snaike/CMakeFiles/CMakeTmp'
Building C object CMakeFiles/cmTC_ef8bc.dir/CheckFunctionExists.c.o
/usr/lib/hardening-wrapper/bin/cc    -DCHECK_FUNCTION_EXISTS=connect   -o CMakeFiles/cmTC_ef8bc.dir/CheckFunctionExists.c.o   -c /home/osum4est/.local/share/JetBrains/Toolbox/apps/CLion/ch-0/163.10154.43/bin/cmake/share/cmake-3.6/Modules/CheckFunctionExists.c
Linking C executable cmTC_ef8bc
/home/osum4est/.local/share/JetBrains/Toolbox/apps/CLion/ch-0/163.10154.43/bin/cmake/bin/cmake -E cmake_link_script CMakeFiles/cmTC_ef8bc.dir/link.txt --verbose=1
/usr/lib/hardening-wrapper/bin/cc   -DCHECK_FUNCTION_EXISTS=connect    CMakeFiles/cmTC_ef8bc.dir/CheckFunctionExists.c.o  -o cmTC_ef8bc -rdynamic 
make[1]: Leaving directory '/home/osum4est/gdrive/snaike/CMakeFiles/CMakeTmp'


Determining if the function remove exists passed with the following output:
Change Dir: /home/osum4est/gdrive/snaike/CMakeFiles/CMakeTmp

Run Build Command:"/usr/bin/make" "cmTC_0a22f/fast"
/usr/bin/make -f CMakeFiles/cmTC_0a22f.dir/build.make CMakeFiles/cmTC_0a22f.dir/build
make[1]: Entering directory '/home/osum4est/gdrive/snaike/CMakeFiles/CMakeTmp'
Building C object CMakeFiles/cmTC_0a22f.dir/CheckFunctionExists.c.o
/usr/lib/hardening-wrapper/bin/cc    -DCHECK_FUNCTION_EXISTS=remove   -o CMakeFiles/cmTC_0a22f.dir/CheckFunctionExists.c.o   -c /home/osum4est/.local/share/JetBrains/Toolbox/apps/CLion/ch-0/163.10154.43/bin/cmake/share/cmake-3.6/Modules/CheckFunctionExists.c
Linking C executable cmTC_0a22f
/home/osum4est/.local/share/JetBrains/Toolbox/apps/CLion/ch-0/163.10154.43/bin/cmake/bin/cmake -E cmake_link_script CMakeFiles/cmTC_0a22f.dir/link.txt --verbose=1
/usr/lib/hardening-wrapper/bin/cc   -DCHECK_FUNCTION_EXISTS=remove    CMakeFiles/cmTC_0a22f.dir/CheckFunctionExists.c.o  -o cmTC_0a22f -rdynamic 
make[1]: Leaving directory '/home/osum4est/gdrive/snaike/CMakeFiles/CMakeTmp'


Determining if the function shmat exists passed with the following output:
Change Dir: /home/osum4est/gdrive/snaike/CMakeFiles/CMakeTmp

Run Build Command:"/usr/bin/make" "cmTC_9c4d9/fast"
/usr/bin/make -f CMakeFiles/cmTC_9c4d9.dir/build.make CMakeFiles/cmTC_9c4d9.dir/build
make[1]: Entering directory '/home/osum4est/gdrive/snaike/CMakeFiles/CMakeTmp'
Building C object CMakeFiles/cmTC_9c4d9.dir/CheckFunctionExists.c.o
/usr/lib/hardening-wrapper/bin/cc    -DCHECK_FUNCTION_EXISTS=shmat   -o CMakeFiles/cmTC_9c4d9.dir/CheckFunctionExists.c.o   -c /home/osum4est/.local/share/JetBrains/Toolbox/apps/CLion/ch-0/163.10154.43/bin/cmake/share/cmake-3.6/Modules/CheckFunctionExists.c
Linking C executable cmTC_9c4d9
/home/osum4est/.local/share/JetBrains/Toolbox/apps/CLion/ch-0/163.10154.43/bin/cmake/bin/cmake -E cmake_link_script CMakeFiles/cmTC_9c4d9.dir/link.txt --verbose=1
/usr/lib/hardening-wrapper/bin/cc   -DCHECK_FUNCTION_EXISTS=shmat    CMakeFiles/cmTC_9c4d9.dir/CheckFunctionExists.c.o  -o cmTC_9c4d9 -rdynamic 
make[1]: Leaving directory '/home/osum4est/gdrive/snaike/CMakeFiles/CMakeTmp'


Determining if the function IceConnectionNumber exists in the ICE passed with the following output:
Change Dir: /home/osum4est/gdrive/snaike/CMakeFiles/CMakeTmp

Run Build Command:"/usr/bin/make" "cmTC_753de/fast"
/usr/bin/make -f CMakeFiles/cmTC_753de.dir/build.make CMakeFiles/cmTC_753de.dir/build
make[1]: Entering directory '/home/osum4est/gdrive/snaike/CMakeFiles/CMakeTmp'
Building C object CMakeFiles/cmTC_753de.dir/CheckFunctionExists.c.o
/usr/lib/hardening-wrapper/bin/cc    -DCHECK_FUNCTION_EXISTS=IceConnectionNumber   -o CMakeFiles/cmTC_753de.dir/CheckFunctionExists.c.o   -c /home/osum4est/.local/share/JetBrains/Toolbox/apps/CLion/ch-0/163.10154.43/bin/cmake/share/cmake-3.6/Modules/CheckFunctionExists.c
Linking C executable cmTC_753de
/home/osum4est/.local/share/JetBrains/Toolbox/apps/CLion/ch-0/163.10154.43/bin/cmake/bin/cmake -E cmake_link_script CMakeFiles/cmTC_753de.dir/link.txt --verbose=1
/usr/lib/hardening-wrapper/bin/cc   -DCHECK_FUNCTION_EXISTS=IceConnectionNumber    CMakeFiles/cmTC_753de.dir/CheckFunctionExists.c.o  -o cmTC_753de -rdynamic -lICE 
make[1]: Leaving directory '/home/osum4est/gdrive/snaike/CMakeFiles/CMakeTmp'


