Determining if the pthread_create exist failed with the following output:
Change Dir: /home/osum4est/gdrive/snaike/CMakeFiles/CMakeTmp

Run Build Command:"/usr/bin/make" "cmTC_c0e1a/fast"
/usr/bin/make -f CMakeFiles/cmTC_c0e1a.dir/build.make CMakeFiles/cmTC_c0e1a.dir/build
make[1]: Entering directory '/home/osum4est/gdrive/snaike/CMakeFiles/CMakeTmp'
Building C object CMakeFiles/cmTC_c0e1a.dir/CheckSymbolExists.c.o
/usr/lib/hardening-wrapper/bin/cc     -o CMakeFiles/cmTC_c0e1a.dir/CheckSymbolExists.c.o   -c /home/osum4est/gdrive/snaike/CMakeFiles/CMakeTmp/CheckSymbolExists.c
Linking C executable cmTC_c0e1a
/home/osum4est/.local/share/JetBrains/Toolbox/apps/CLion/ch-0/163.10154.43/bin/cmake/bin/cmake -E cmake_link_script CMakeFiles/cmTC_c0e1a.dir/link.txt --verbose=1
/usr/lib/hardening-wrapper/bin/cc       CMakeFiles/cmTC_c0e1a.dir/CheckSymbolExists.c.o  -o cmTC_c0e1a -rdynamic 
CMakeFiles/cmTC_c0e1a.dir/CheckSymbolExists.c.o: In function `main':
CheckSymbolExists.c:(.text+0x1b): undefined reference to `pthread_create'
collect2: error: ld returned 1 exit status
make[1]: *** [CMakeFiles/cmTC_c0e1a.dir/build.make:98: cmTC_c0e1a] Error 1
make[1]: Leaving directory '/home/osum4est/gdrive/snaike/CMakeFiles/CMakeTmp'
make: *** [Makefile:126: cmTC_c0e1a/fast] Error 2

File /home/osum4est/gdrive/snaike/CMakeFiles/CMakeTmp/CheckSymbolExists.c:
/* */
#include <pthread.h>

int main(int argc, char** argv)
{
  (void)argv;
#ifndef pthread_create
  return ((int*)(&pthread_create))[argc];
#else
  (void)argc;
  return 0;
#endif
}

Determining if the function pthread_create exists in the pthreads failed with the following output:
Change Dir: /home/osum4est/gdrive/snaike/CMakeFiles/CMakeTmp

Run Build Command:"/usr/bin/make" "cmTC_7470e/fast"
/usr/bin/make -f CMakeFiles/cmTC_7470e.dir/build.make CMakeFiles/cmTC_7470e.dir/build
make[1]: Entering directory '/home/osum4est/gdrive/snaike/CMakeFiles/CMakeTmp'
Building C object CMakeFiles/cmTC_7470e.dir/CheckFunctionExists.c.o
/usr/lib/hardening-wrapper/bin/cc    -DCHECK_FUNCTION_EXISTS=pthread_create   -o CMakeFiles/cmTC_7470e.dir/CheckFunctionExists.c.o   -c /home/osum4est/.local/share/JetBrains/Toolbox/apps/CLion/ch-0/163.10154.43/bin/cmake/share/cmake-3.6/Modules/CheckFunctionExists.c
Linking C executable cmTC_7470e
/home/osum4est/.local/share/JetBrains/Toolbox/apps/CLion/ch-0/163.10154.43/bin/cmake/bin/cmake -E cmake_link_script CMakeFiles/cmTC_7470e.dir/link.txt --verbose=1
/usr/lib/hardening-wrapper/bin/cc   -DCHECK_FUNCTION_EXISTS=pthread_create    CMakeFiles/cmTC_7470e.dir/CheckFunctionExists.c.o  -o cmTC_7470e -rdynamic -lpthreads 
/usr/bin/ld: cannot find -lpthreads
collect2: error: ld returned 1 exit status
make[1]: *** [CMakeFiles/cmTC_7470e.dir/build.make:98: cmTC_7470e] Error 1
make[1]: Leaving directory '/home/osum4est/gdrive/snaike/CMakeFiles/CMakeTmp'
make: *** [Makefile:126: cmTC_7470e/fast] Error 2


Determining if the pthread_create exist failed with the following output:
Change Dir: /home/osum4est/gdrive/snaike/CMakeFiles/CMakeTmp

Run Build Command:"/usr/bin/make" "cmTC_4eb55/fast"
/usr/bin/make -f CMakeFiles/cmTC_4eb55.dir/build.make CMakeFiles/cmTC_4eb55.dir/build
make[1]: Entering directory '/home/osum4est/gdrive/snaike/CMakeFiles/CMakeTmp'
Building C object CMakeFiles/cmTC_4eb55.dir/CheckSymbolExists.c.o
/usr/lib/hardening-wrapper/bin/cc     -o CMakeFiles/cmTC_4eb55.dir/CheckSymbolExists.c.o   -c /home/osum4est/gdrive/snaike/CMakeFiles/CMakeTmp/CheckSymbolExists.c
Linking C executable cmTC_4eb55
/home/osum4est/.local/share/JetBrains/Toolbox/apps/CLion/ch-0/163.10154.43/bin/cmake/bin/cmake -E cmake_link_script CMakeFiles/cmTC_4eb55.dir/link.txt --verbose=1
/usr/lib/hardening-wrapper/bin/cc       CMakeFiles/cmTC_4eb55.dir/CheckSymbolExists.c.o  -o cmTC_4eb55 -rdynamic 
CMakeFiles/cmTC_4eb55.dir/CheckSymbolExists.c.o: In function `main':
CheckSymbolExists.c:(.text+0x1b): undefined reference to `pthread_create'
collect2: error: ld returned 1 exit status
make[1]: *** [CMakeFiles/cmTC_4eb55.dir/build.make:98: cmTC_4eb55] Error 1
make[1]: Leaving directory '/home/osum4est/gdrive/snaike/CMakeFiles/CMakeTmp'
make: *** [Makefile:126: cmTC_4eb55/fast] Error 2

File /home/osum4est/gdrive/snaike/CMakeFiles/CMakeTmp/CheckSymbolExists.c:
/* */
#include <pthread.h>

int main(int argc, char** argv)
{
  (void)argv;
#ifndef pthread_create
  return ((int*)(&pthread_create))[argc];
#else
  (void)argc;
  return 0;
#endif
}

Determining if the function pthread_create exists in the pthreads failed with the following output:
Change Dir: /home/osum4est/gdrive/snaike/CMakeFiles/CMakeTmp

Run Build Command:"/usr/bin/make" "cmTC_36404/fast"
/usr/bin/make -f CMakeFiles/cmTC_36404.dir/build.make CMakeFiles/cmTC_36404.dir/build
make[1]: Entering directory '/home/osum4est/gdrive/snaike/CMakeFiles/CMakeTmp'
Building C object CMakeFiles/cmTC_36404.dir/CheckFunctionExists.c.o
/usr/lib/hardening-wrapper/bin/cc    -DCHECK_FUNCTION_EXISTS=pthread_create   -o CMakeFiles/cmTC_36404.dir/CheckFunctionExists.c.o   -c /home/osum4est/.local/share/JetBrains/Toolbox/apps/CLion/ch-0/163.10154.43/bin/cmake/share/cmake-3.6/Modules/CheckFunctionExists.c
Linking C executable cmTC_36404
/home/osum4est/.local/share/JetBrains/Toolbox/apps/CLion/ch-0/163.10154.43/bin/cmake/bin/cmake -E cmake_link_script CMakeFiles/cmTC_36404.dir/link.txt --verbose=1
/usr/lib/hardening-wrapper/bin/cc   -DCHECK_FUNCTION_EXISTS=pthread_create    CMakeFiles/cmTC_36404.dir/CheckFunctionExists.c.o  -o cmTC_36404 -rdynamic -lpthreads 
/usr/bin/ld: cannot find -lpthreads
collect2: error: ld returned 1 exit status
make[1]: *** [CMakeFiles/cmTC_36404.dir/build.make:98: cmTC_36404] Error 1
make[1]: Leaving directory '/home/osum4est/gdrive/snaike/CMakeFiles/CMakeTmp'
make: *** [Makefile:126: cmTC_36404/fast] Error 2


